Using pre-set license
Built from '2021.3/staging' branch; Version is '2021.3.13f1 (9e7d58001ecf) revision 10386776'; Using compiler version '192829333'; Build Type 'Release'
OS: 'Windows 10  (10.0.19044) 64bit Core' Language: 'en' Physical Memory: 8013 MB
BatchMode: 1, IsHumanControllingUs: 0, StartBugReporterOnCrash: 0, Is64bit: 1, IsPro: 1

COMMAND LINE ARGUMENTS:
C:\Unity\Hub\Editor\2021.3.13f1\Editor\Unity.exe
-adb2
-batchMode
-noUpm
-name
AssetImportWorker4
-projectPath
C:/Last_Project/Project_Hello/Hello_Game
-logFile
Logs/AssetImportWorker4.log
-srvPort
61644
Successfully changed project path to: C:/Last_Project/Project_Hello/Hello_Game
C:/Last_Project/Project_Hello/Hello_Game
[UnityMemory] Configuration Parameters - Can be set up in boot.config
    "memorysetup-bucket-allocator-granularity=16"
    "memorysetup-bucket-allocator-bucket-count=8"
    "memorysetup-bucket-allocator-block-size=33554432"
    "memorysetup-bucket-allocator-block-count=8"
    "memorysetup-main-allocator-block-size=16777216"
    "memorysetup-thread-allocator-block-size=16777216"
    "memorysetup-gfx-main-allocator-block-size=16777216"
    "memorysetup-gfx-thread-allocator-block-size=16777216"
    "memorysetup-cache-allocator-block-size=4194304"
    "memorysetup-typetree-allocator-block-size=2097152"
    "memorysetup-profiler-bucket-allocator-granularity=16"
    "memorysetup-profiler-bucket-allocator-bucket-count=8"
    "memorysetup-profiler-bucket-allocator-block-size=33554432"
    "memorysetup-profiler-bucket-allocator-block-count=8"
    "memorysetup-profiler-allocator-block-size=16777216"
    "memorysetup-profiler-editor-allocator-block-size=1048576"
    "memorysetup-temp-allocator-size-main=16777216"
    "memorysetup-job-temp-allocator-block-size=2097152"
    "memorysetup-job-temp-allocator-block-size-background=1048576"
    "memorysetup-job-temp-allocator-reduction-small-platforms=262144"
    "memorysetup-temp-allocator-size-background-worker=32768"
    "memorysetup-temp-allocator-size-job-worker=262144"
    "memorysetup-temp-allocator-size-preload-manager=33554432"
    "memorysetup-temp-allocator-size-nav-mesh-worker=65536"
    "memorysetup-temp-allocator-size-audio-worker=65536"
    "memorysetup-temp-allocator-size-cloud-worker=32768"
    "memorysetup-temp-allocator-size-gi-baking-worker=262144"
    "memorysetup-temp-allocator-size-gfx=262144"
Refreshing native plugins compatible for Editor in 213.41 ms, found 4 plugins.
Preloading 0 native plugins for Editor in 0.00 ms.
Initialize engine version: 2021.3.13f1 (9e7d58001ecf)
[Subsystems] Discovering subsystems at path C:/Unity/Hub/Editor/2021.3.13f1/Editor/Data/Resources/UnitySubsystems
[Subsystems] Discovering subsystems at path C:/Last_Project/Project_Hello/Hello_Game/Assets
GfxDevice: creating device client; threaded=0; jobified=0
Direct3D:
    Version:  Direct3D 11.0 [level 11.1]
    Renderer: NVIDIA GeForce GTX 1650 (ID=0x1f9d)
    Vendor:   NVIDIA
    VRAM:     3962 MB
    Driver:   27.21.14.6221
Initialize mono
Mono path[0] = 'C:/Unity/Hub/Editor/2021.3.13f1/Editor/Data/Managed'
Mono path[1] = 'C:/Unity/Hub/Editor/2021.3.13f1/Editor/Data/MonoBleedingEdge/lib/mono/unityjit-win32'
Mono config path = 'C:/Unity/Hub/Editor/2021.3.13f1/Editor/Data/MonoBleedingEdge/etc'
Using monoOptions --debugger-agent=transport=dt_socket,embedding=1,server=y,suspend=n,address=127.0.0.1:56500
Begin MonoManager ReloadAssembly
Registering precompiled unity dll's ...
Register platform support module: C:/Unity/Hub/Editor/2021.3.13f1/Editor/Data/PlaybackEngines/WebGLSupport/UnityEditor.WebGL.Extensions.dll
Register platform support module: C:/Unity/Hub/Editor/2021.3.13f1/Editor/Data/PlaybackEngines/WindowsStandaloneSupport/UnityEditor.WindowsStandalone.Extensions.dll
Registered in 0.009994 seconds.
Native extension for WindowsStandalone target not found
Native extension for WebGL target not found
Refreshing native plugins compatible for Editor in 138.66 ms, found 4 plugins.
Preloading 0 native plugins for Editor in 0.00 ms.
Mono: successfully reloaded assembly
- Completed reload, in  0.945 seconds
Domain Reload Profiling:
	ReloadAssembly (946ms)
		BeginReloadAssembly (207ms)
			ExecutionOrderSort (0ms)
			DisableScriptedObjects (0ms)
			BackupInstance (0ms)
			ReleaseScriptingObjects (0ms)
			CreateAndSetChildDomain (2ms)
		EndReloadAssembly (610ms)
			LoadAssemblies (202ms)
			RebuildTransferFunctionScriptingTraits (0ms)
			SetupTypeCache (127ms)
			ReleaseScriptCaches (0ms)
			RebuildScriptCaches (34ms)
			SetupLoadedEditorAssemblies (380ms)
				LogAssemblyErrors (0ms)
				InitializePlatformSupportModulesInManaged (12ms)
				SetLoadedEditorAssemblies (0ms)
				RefreshPlugins (139ms)
				BeforeProcessingInitializeOnLoad (1ms)
				ProcessInitializeOnLoadAttributes (173ms)
				ProcessInitializeOnLoadMethodAttributes (54ms)
				AfterProcessingInitializeOnLoad (0ms)
				EditorAssembliesLoaded (0ms)
			ExecutionOrderSort2 (0ms)
			AwakeInstancesAfterBackupRestoration (0ms)
Platform modules already initialized, skipping
Registering precompiled user dll's ...
Registered in 0.020658 seconds.
Begin MonoManager ReloadAssembly
Symbol file LoadedFromMemory doesn't match image C:\Last_Project\Project_Hello\Hello_Game\Library\PackageCache\com.unity.visualscripting@1.7.8\Editor\VisualScripting.Core\Dependencies\YamlDotNet\Unity.VisualScripting.YamlDotNet.dll
Symbol file LoadedFromMemory doesn't match image C:\Last_Project\Project_Hello\Hello_Game\Library\PackageCache\com.unity.visualscripting@1.7.8\Editor\VisualScripting.Core\Dependencies\DotNetZip\Unity.VisualScripting.IonicZip.dll
Native extension for WindowsStandalone target not found
Native extension for WebGL target not found
Refreshing native plugins compatible for Editor in 129.33 ms, found 4 plugins.
Preloading 0 native plugins for Editor in 0.00 ms.
Mono: successfully reloaded assembly
- Completed reload, in  1.497 seconds
Domain Reload Profiling:
	ReloadAssembly (1497ms)
		BeginReloadAssembly (107ms)
			ExecutionOrderSort (0ms)
			DisableScriptedObjects (5ms)
			BackupInstance (0ms)
			ReleaseScriptingObjects (0ms)
			CreateAndSetChildDomain (17ms)
		EndReloadAssembly (1272ms)
			LoadAssemblies (156ms)
			RebuildTransferFunctionScriptingTraits (0ms)
			SetupTypeCache (312ms)
			ReleaseScriptCaches (1ms)
			RebuildScriptCaches (91ms)
			SetupLoadedEditorAssemblies (657ms)
				LogAssemblyErrors (0ms)
				InitializePlatformSupportModulesInManaged (6ms)
				SetLoadedEditorAssemblies (0ms)
				RefreshPlugins (129ms)
				BeforeProcessingInitializeOnLoad (139ms)
				ProcessInitializeOnLoadAttributes (277ms)
				ProcessInitializeOnLoadMethodAttributes (97ms)
				AfterProcessingInitializeOnLoad (8ms)
				EditorAssembliesLoaded (0ms)
			ExecutionOrderSort2 (0ms)
			AwakeInstancesAfterBackupRestoration (5ms)
Platform modules already initialized, skipping
========================================================================
Worker process is ready to serve import requests
Launched and connected shader compiler UnityShaderCompiler.exe after 0.06 seconds
Refreshing native plugins compatible for Editor in 1.02 ms, found 4 plugins.
Preloading 0 native plugins for Editor in 0.00 ms.
Unloading 5695 Unused Serialized files (Serialized files now loaded: 0)
Unloading 61 unused Assets / (0.9 MB). Loaded Objects now: 6158.
Memory consumption went from 235.5 MB to 234.6 MB.
Total: 4.198400 ms (FindLiveObjects: 0.440000 ms CreateObjectMapping: 0.457800 ms MarkObjects: 2.884300 ms  DeleteObjects: 0.415600 ms)

AssetImportParameters requested are different than current active one (requested -> active):
  custom:video-decoder-ogg-theora: a1e56fd34408186e4bbccfd4996cb3dc -> 
  custom:container-muxer-webm: aa71ff27fc2769a1b78a27578f13a17b -> 
  custom:container-demuxer-webm: 4f35f7cbe854078d1ac9338744f61a02 -> 
  custom:video-encoder-webm-vp8: eb34c28f22e8b96e1ab97ce403110664 -> 
  custom:audio-encoder-webm-vorbis: bf7c407c2cedff20999df2af8eb42d56 -> 
  custom:framework-win-MediaFoundation: 216162199b28c13a410421893ffa2e32 -> 
  custom:container-demuxer-ogg: 62fdf1f143b41e24485cea50d1cbac27 -> 
  custom:video-decoder-webm-vp8: 9c59270c3fd7afecdb556c50c9e8de78 -> 
  custom:audio-decoder-ogg-vorbis: bf7c407c2cedff20999df2af8eb42d56 -> 
========================================================================
Received Import Request.
  Time since last request: 62358.084720 seconds.
  path: Assets/Fog.shadergraph
  artifactKey: Guid(65ec0f58afd9cca448fefa497754a10c) Importer(815301076,1909f56bfc062723c751e8b465ee728b)
Start importing Assets/Fog.shadergraph using Guid(65ec0f58afd9cca448fefa497754a10c) Importer(815301076,1909f56bfc062723c751e8b465ee728b)  -> (artifact id: 'a16cb1fa204ce34ae454b94fcb663e6a') in 0.046864 seconds 
========================================================================
Received Import Request.
  Time since last request: 49.186126 seconds.
  path: Assets/Fog.mat
  artifactKey: Guid(3ad7ca45755924249a33db2a3bdce785) Importer(815301076,1909f56bfc062723c751e8b465ee728b)
Start importing Assets/Fog.mat using Guid(3ad7ca45755924249a33db2a3bdce785) Importer(815301076,1909f56bfc062723c751e8b465ee728b)  -> (artifact id: '6610bee18d4f3413b9add22c867c799b') in 0.214173 seconds 
========================================================================
Received Prepare
Registering precompiled user dll's ...
Registered in 0.007007 seconds.
Begin MonoManager ReloadAssembly
Symbol file LoadedFromMemory doesn't match image C:\Last_Project\Project_Hello\Hello_Game\Library\PackageCache\com.unity.visualscripting@1.7.8\Editor\VisualScripting.Core\Dependencies\YamlDotNet\Unity.VisualScripting.YamlDotNet.dll
Symbol file LoadedFromMemory doesn't match image C:\Last_Project\Project_Hello\Hello_Game\Library\PackageCache\com.unity.visualscripting@1.7.8\Editor\VisualScripting.Core\Dependencies\DotNetZip\Unity.VisualScripting.IonicZip.dll
Native extension for WindowsStandalone target not found
Native extension for WebGL target not found
Refreshing native plugins compatible for Editor in 8.13 ms, found 4 plugins.
Preloading 0 native plugins for Editor in 0.00 ms.
Mono: successfully reloaded assembly
- Completed reload, in  2.880 seconds
Domain Reload Profiling:
	ReloadAssembly (2880ms)
		BeginReloadAssembly (465ms)
			ExecutionOrderSort (0ms)
			DisableScriptedObjects (23ms)
			BackupInstance (0ms)
			ReleaseScriptingObjects (1ms)
			CreateAndSetChildDomain (187ms)
		EndReloadAssembly (2202ms)
			LoadAssemblies (329ms)
			RebuildTransferFunctionScriptingTraits (0ms)
			SetupTypeCache (900ms)
			ReleaseScriptCaches (6ms)
			RebuildScriptCaches (178ms)
			SetupLoadedEditorAssemblies (673ms)
				LogAssemblyErrors (0ms)
				InitializePlatformSupportModulesInManaged (33ms)
				SetLoadedEditorAssemblies (1ms)
				RefreshPlugins (8ms)
				BeforeProcessingInitializeOnLoad (205ms)
				ProcessInitializeOnLoadAttributes (319ms)
				ProcessInitializeOnLoadMethodAttributes (97ms)
				AfterProcessingInitializeOnLoad (8ms)
				EditorAssembliesLoaded (0ms)
			ExecutionOrderSort2 (0ms)
			AwakeInstancesAfterBackupRestoration (12ms)
Platform modules already initialized, skipping
Refreshing native plugins compatible for Editor in 2.96 ms, found 4 plugins.
Preloading 0 native plugins for Editor in 0.00 ms.
Unloading 5562 Unused Serialized files (Serialized files now loaded: 0)
Unloading 36 unused Assets / (0.9 MB). Loaded Objects now: 6258.
Memory consumption went from 232.5 MB to 231.7 MB.
Total: 4.604300 ms (FindLiveObjects: 0.605600 ms CreateObjectMapping: 0.475100 ms MarkObjects: 3.018200 ms  DeleteObjects: 0.504100 ms)

AssetImportParameters requested are different than current active one (requested -> active):
  custom:video-decoder-ogg-theora: a1e56fd34408186e4bbccfd4996cb3dc -> 
  custom:container-muxer-webm: aa71ff27fc2769a1b78a27578f13a17b -> 
  custom:container-demuxer-webm: 4f35f7cbe854078d1ac9338744f61a02 -> 
  custom:video-encoder-webm-vp8: eb34c28f22e8b96e1ab97ce403110664 -> 
  custom:audio-encoder-webm-vorbis: bf7c407c2cedff20999df2af8eb42d56 -> 
  custom:framework-win-MediaFoundation: 216162199b28c13a410421893ffa2e32 -> 
  custom:container-demuxer-ogg: 62fdf1f143b41e24485cea50d1cbac27 -> 
  custom:video-decoder-webm-vp8: 9c59270c3fd7afecdb556c50c9e8de78 -> 
  custom:audio-decoder-ogg-vorbis: bf7c407c2cedff20999df2af8eb42d56 -> 
========================================================================
Received Prepare
Registering precompiled user dll's ...
Registered in 0.016629 seconds.
Begin MonoManager ReloadAssembly
Symbol file LoadedFromMemory doesn't match image C:\Last_Project\Project_Hello\Hello_Game\Library\PackageCache\com.unity.visualscripting@1.7.8\Editor\VisualScripting.Core\Dependencies\YamlDotNet\Unity.VisualScripting.YamlDotNet.dll
Symbol file LoadedFromMemory doesn't match image C:\Last_Project\Project_Hello\Hello_Game\Library\PackageCache\com.unity.visualscripting@1.7.8\Editor\VisualScripting.Core\Dependencies\DotNetZip\Unity.VisualScripting.IonicZip.dll
Native extension for WindowsStandalone target not found
Native extension for WebGL target not found
Refreshing native plugins compatible for Editor in 1.08 ms, found 4 plugins.
Preloading 0 native plugins for Editor in 0.00 ms.
Mono: successfully reloaded assembly
- Completed reload, in  2.767 seconds
Domain Reload Profiling:
	ReloadAssembly (2768ms)
		BeginReloadAssembly (204ms)
			ExecutionOrderSort (0ms)
			DisableScriptedObjects (8ms)
			BackupInstance (0ms)
			ReleaseScriptingObjects (0ms)
			CreateAndSetChildDomain (55ms)
		EndReloadAssembly (2294ms)
			LoadAssemblies (289ms)
			RebuildTransferFunctionScriptingTraits (0ms)
			SetupTypeCache (1108ms)
			ReleaseScriptCaches (8ms)
			RebuildScriptCaches (189ms)
			SetupLoadedEditorAssemblies (539ms)
				LogAssemblyErrors (0ms)
				InitializePlatformSupportModulesInManaged (15ms)
				SetLoadedEditorAssemblies (1ms)
				RefreshPlugins (1ms)
				BeforeProcessingInitializeOnLoad (110ms)
				ProcessInitializeOnLoadAttributes (301ms)
				ProcessInitializeOnLoadMethodAttributes (103ms)
				AfterProcessingInitializeOnLoad (9ms)
				EditorAssembliesLoaded (0ms)
			ExecutionOrderSort2 (0ms)
			AwakeInstancesAfterBackupRestoration (13ms)
Platform modules already initialized, skipping
Refreshing native plugins compatible for Editor in 5.75 ms, found 4 plugins.
Preloading 0 native plugins for Editor in 0.00 ms.
Unloading 5562 Unused Serialized files (Serialized files now loaded: 0)
Unloading 36 unused Assets / (0.9 MB). Loaded Objects now: 6273.
Memory consumption went from 232.5 MB to 231.6 MB.
Total: 9.555300 ms (FindLiveObjects: 1.060300 ms CreateObjectMapping: 0.907400 ms MarkObjects: 6.867200 ms  DeleteObjects: 0.718800 ms)

AssetImportParameters requested are different than current active one (requested -> active):
  custom:video-decoder-ogg-theora: a1e56fd34408186e4bbccfd4996cb3dc -> 
  custom:container-muxer-webm: aa71ff27fc2769a1b78a27578f13a17b -> 
  custom:container-demuxer-webm: 4f35f7cbe854078d1ac9338744f61a02 -> 
  custom:video-encoder-webm-vp8: eb34c28f22e8b96e1ab97ce403110664 -> 
  custom:audio-encoder-webm-vorbis: bf7c407c2cedff20999df2af8eb42d56 -> 
  custom:framework-win-MediaFoundation: 216162199b28c13a410421893ffa2e32 -> 
  custom:container-demuxer-ogg: 62fdf1f143b41e24485cea50d1cbac27 -> 
  custom:video-decoder-webm-vp8: 9c59270c3fd7afecdb556c50c9e8de78 -> 
  custom:audio-decoder-ogg-vorbis: bf7c407c2cedff20999df2af8eb42d56 -> 
========================================================================
Received Prepare
Registering precompiled user dll's ...
Registered in 0.014464 seconds.
Begin MonoManager ReloadAssembly
Symbol file LoadedFromMemory doesn't match image C:\Last_Project\Project_Hello\Hello_Game\Library\PackageCache\com.unity.visualscripting@1.7.8\Editor\VisualScripting.Core\Dependencies\YamlDotNet\Unity.VisualScripting.YamlDotNet.dll
Symbol file LoadedFromMemory doesn't match image C:\Last_Project\Project_Hello\Hello_Game\Library\PackageCache\com.unity.visualscripting@1.7.8\Editor\VisualScripting.Core\Dependencies\DotNetZip\Unity.VisualScripting.IonicZip.dll
Native extension for WindowsStandalone target not found
Native extension for WebGL target not found
Refreshing native plugins compatible for Editor in 12.71 ms, found 4 plugins.
Preloading 0 native plugins for Editor in 0.00 ms.
Mono: successfully reloaded assembly
- Completed reload, in  4.140 seconds
Domain Reload Profiling:
	ReloadAssembly (4142ms)
		BeginReloadAssembly (370ms)
			ExecutionOrderSort (0ms)
			DisableScriptedObjects (9ms)
			BackupInstance (0ms)
			ReleaseScriptingObjects (0ms)
			CreateAndSetChildDomain (122ms)
		EndReloadAssembly (3529ms)
			LoadAssemblies (367ms)
			RebuildTransferFunctionScriptingTraits (0ms)
			SetupTypeCache (938ms)
			ReleaseScriptCaches (11ms)
			RebuildScriptCaches (282ms)
			SetupLoadedEditorAssemblies (1514ms)
				LogAssemblyErrors (0ms)
				InitializePlatformSupportModulesInManaged (44ms)
				SetLoadedEditorAssemblies (1ms)
				RefreshPlugins (13ms)
				BeforeProcessingInitializeOnLoad (268ms)
				ProcessInitializeOnLoadAttributes (815ms)
				ProcessInitializeOnLoadMethodAttributes (334ms)
				AfterProcessingInitializeOnLoad (34ms)
				EditorAssembliesLoaded (4ms)
			ExecutionOrderSort2 (0ms)
			AwakeInstancesAfterBackupRestoration (47ms)
Platform modules already initialized, skipping
Refreshing native plugins compatible for Editor in 6.00 ms, found 4 plugins.
Preloading 0 native plugins for Editor in 0.00 ms.
Unloading 5562 Unused Serialized files (Serialized files now loaded: 0)
Unloading 36 unused Assets / (0.9 MB). Loaded Objects now: 6288.
Memory consumption went from 232.7 MB to 231.8 MB.
Total: 4.877200 ms (FindLiveObjects: 0.525300 ms CreateObjectMapping: 0.414000 ms MarkObjects: 3.486700 ms  DeleteObjects: 0.450300 ms)

AssetImportParameters requested are different than current active one (requested -> active):
  custom:video-decoder-ogg-theora: a1e56fd34408186e4bbccfd4996cb3dc -> 
  custom:container-muxer-webm: aa71ff27fc2769a1b78a27578f13a17b -> 
  custom:container-demuxer-webm: 4f35f7cbe854078d1ac9338744f61a02 -> 
  custom:video-encoder-webm-vp8: eb34c28f22e8b96e1ab97ce403110664 -> 
  custom:audio-encoder-webm-vorbis: bf7c407c2cedff20999df2af8eb42d56 -> 
  custom:framework-win-MediaFoundation: 216162199b28c13a410421893ffa2e32 -> 
  custom:container-demuxer-ogg: 62fdf1f143b41e24485cea50d1cbac27 -> 
  custom:video-decoder-webm-vp8: 9c59270c3fd7afecdb556c50c9e8de78 -> 
  custom:audio-decoder-ogg-vorbis: bf7c407c2cedff20999df2af8eb42d56 -> 
========================================================================
Received Import Request.
  Time since last request: 132.738924 seconds.
  path: Assets/Fog.mat
  artifactKey: Guid(3ad7ca45755924249a33db2a3bdce785) Importer(815301076,1909f56bfc062723c751e8b465ee728b)
Start importing Assets/Fog.mat using Guid(3ad7ca45755924249a33db2a3bdce785) Importer(815301076,1909f56bfc062723c751e8b465ee728b)  -> (artifact id: '7121b75f9dd0c09dbb131a845cf49613') in 0.390108 seconds 
========================================================================
Received Prepare
Registering precompiled user dll's ...
Registered in 0.009789 seconds.
Begin MonoManager ReloadAssembly
Symbol file LoadedFromMemory doesn't match image C:\Last_Project\Project_Hello\Hello_Game\Library\PackageCache\com.unity.visualscripting@1.7.8\Editor\VisualScripting.Core\Dependencies\YamlDotNet\Unity.VisualScripting.YamlDotNet.dll
Symbol file LoadedFromMemory doesn't match image C:\Last_Project\Project_Hello\Hello_Game\Library\PackageCache\com.unity.visualscripting@1.7.8\Editor\VisualScripting.Core\Dependencies\DotNetZip\Unity.VisualScripting.IonicZip.dll
Native extension for WindowsStandalone target not found
Native extension for WebGL target not found
Refreshing native plugins compatible for Editor in 1.30 ms, found 4 plugins.
Preloading 0 native plugins for Editor in 0.00 ms.
Mono: successfully reloaded assembly
- Completed reload, in  2.131 seconds
Domain Reload Profiling:
	ReloadAssembly (2136ms)
		BeginReloadAssembly (829ms)
			ExecutionOrderSort (0ms)
			DisableScriptedObjects (114ms)
			BackupInstance (0ms)
			ReleaseScriptingObjects (0ms)
			CreateAndSetChildDomain (463ms)
		EndReloadAssembly (1113ms)
			LoadAssemblies (276ms)
			RebuildTransferFunctionScriptingTraits (0ms)
			SetupTypeCache (317ms)
			ReleaseScriptCaches (3ms)
			RebuildScriptCaches (54ms)
			SetupLoadedEditorAssemblies (477ms)
				LogAssemblyErrors (0ms)
				InitializePlatformSupportModulesInManaged (13ms)
				SetLoadedEditorAssemblies (1ms)
				RefreshPlugins (1ms)
				BeforeProcessingInitializeOnLoad (97ms)
				ProcessInitializeOnLoadAttributes (269ms)
				ProcessInitializeOnLoadMethodAttributes (87ms)
				AfterProcessingInitializeOnLoad (8ms)
				EditorAssembliesLoaded (0ms)
			ExecutionOrderSort2 (0ms)
			AwakeInstancesAfterBackupRestoration (12ms)
Platform modules already initialized, skipping
Refreshing native plugins compatible for Editor in 5.63 ms, found 4 plugins.
Preloading 0 native plugins for Editor in 0.00 ms.
Unloading 5562 Unused Serialized files (Serialized files now loaded: 0)
Unloading 36 unused Assets / (0.9 MB). Loaded Objects now: 6344.
Memory consumption went from 232.8 MB to 231.9 MB.
Total: 6.789000 ms (FindLiveObjects: 0.427200 ms CreateObjectMapping: 0.491800 ms MarkObjects: 5.517400 ms  DeleteObjects: 0.351700 ms)

AssetImportParameters requested are different than current active one (requested -> active):
  custom:video-decoder-ogg-theora: a1e56fd34408186e4bbccfd4996cb3dc -> 
  custom:container-muxer-webm: aa71ff27fc2769a1b78a27578f13a17b -> 
  custom:container-demuxer-webm: 4f35f7cbe854078d1ac9338744f61a02 -> 
  custom:video-encoder-webm-vp8: eb34c28f22e8b96e1ab97ce403110664 -> 
  custom:audio-encoder-webm-vorbis: bf7c407c2cedff20999df2af8eb42d56 -> 
  custom:framework-win-MediaFoundation: 216162199b28c13a410421893ffa2e32 -> 
  custom:container-demuxer-ogg: 62fdf1f143b41e24485cea50d1cbac27 -> 
  custom:video-decoder-webm-vp8: 9c59270c3fd7afecdb556c50c9e8de78 -> 
  custom:audio-decoder-ogg-vorbis: bf7c407c2cedff20999df2af8eb42d56 -> 
========================================================================
Received Import Request.
  Time since last request: 897.002284 seconds.
  path: Assets/Scenes/MainMenu.unity
  artifactKey: Guid(bbfa81b63c0f5c343ac3549d6e952cf2) Importer(815301076,1909f56bfc062723c751e8b465ee728b)
Start importing Assets/Scenes/MainMenu.unity using Guid(bbfa81b63c0f5c343ac3549d6e952cf2) Importer(815301076,1909f56bfc062723c751e8b465ee728b)  -> (artifact id: '7dc324a253f3f0cb8da71ef72d43efcb') in 0.019895 seconds 
========================================================================
Received Import Request.
  Time since last request: 125.275441 seconds.
  path: Assets/Nicklas/Sprites/Garage-Wallpaper.asset
  artifactKey: Guid(95c595cc2e3081b4b981b3638eaf4b6e) Importer(815301076,1909f56bfc062723c751e8b465ee728b)
Start importing Assets/Nicklas/Sprites/Garage-Wallpaper.asset using Guid(95c595cc2e3081b4b981b3638eaf4b6e) Importer(815301076,1909f56bfc062723c751e8b465ee728b)  -> (artifact id: '601243635acc0d91b4f84f584a6acbbc') in 0.147143 seconds 
========================================================================
Received Import Request.
  Time since last request: 0.000033 seconds.
  path: Assets/Nicklas/Sprites/Stairs.png
  artifactKey: Guid(69a1c2fc860ff1945999071c5aaa1094) Importer(815301076,1909f56bfc062723c751e8b465ee728b)
Start importing Assets/Nicklas/Sprites/Stairs.png using Guid(69a1c2fc860ff1945999071c5aaa1094) Importer(815301076,1909f56bfc062723c751e8b465ee728b)  -> (artifact id: '6a91e31bb8b1a16822b5f492eb16ffeb') in 0.071962 seconds 
========================================================================
Received Import Request.
  Time since last request: 0.000031 seconds.
  path: Assets/Nicklas/Sprites/Hello_Doors 1.png
  artifactKey: Guid(467dc8ed2557592468633dd085e09231) Importer(815301076,1909f56bfc062723c751e8b465ee728b)
Start importing Assets/Nicklas/Sprites/Hello_Doors 1.png using Guid(467dc8ed2557592468633dd085e09231) Importer(815301076,1909f56bfc062723c751e8b465ee728b)  -> (artifact id: '02984930d43cba4adb75c2e29e57345a') in 0.029535 seconds 
========================================================================
Received Import Request.
  Time since last request: 0.000061 seconds.
  path: Assets/Nicklas/Sprites/Hello_Wall_Corridor.asset
  artifactKey: Guid(6f0c7492cfa524f49bcc59f54d79e994) Importer(815301076,1909f56bfc062723c751e8b465ee728b)
Start importing Assets/Nicklas/Sprites/Hello_Wall_Corridor.asset using Guid(6f0c7492cfa524f49bcc59f54d79e994) Importer(815301076,1909f56bfc062723c751e8b465ee728b)  -> (artifact id: '132ff429fcc7412d85236564595aa953') in 0.020382 seconds 
========================================================================
Received Import Request.
  Time since last request: 0.000040 seconds.
  path: Assets/Nicklas/Sprites/Hello_Floor_Kitchen.asset
  artifactKey: Guid(974b195692e723247ac83e00d1f39951) Importer(815301076,1909f56bfc062723c751e8b465ee728b)
Start importing Assets/Nicklas/Sprites/Hello_Floor_Kitchen.asset using Guid(974b195692e723247ac83e00d1f39951) Importer(815301076,1909f56bfc062723c751e8b465ee728b)  -> (artifact id: 'eb0b5c5bfd506b0c7bfa892f17f3066c') in 0.016805 seconds 
========================================================================
Received Import Request.
  Time since last request: 0.000028 seconds.
  path: Assets/Nicklas/Sprites/Hello_Wall_Kitchen.asset
  artifactKey: Guid(52863f70c8da75347a7c0ee2152f95a9) Importer(815301076,1909f56bfc062723c751e8b465ee728b)
Start importing Assets/Nicklas/Sprites/Hello_Wall_Kitchen.asset using Guid(52863f70c8da75347a7c0ee2152f95a9) Importer(815301076,1909f56bfc062723c751e8b465ee728b)  -> (artifact id: 'c023be7f106f5feba9818b408d8b514c') in 0.021195 seconds 
========================================================================
Received Import Request.
  Time since last request: 0.000033 seconds.
  path: Assets/Nicklas/Sprites/Nicklas.png
  artifactKey: Guid(5c6c98186d95fe04897f22a5b8814dee) Importer(815301076,1909f56bfc062723c751e8b465ee728b)
Start importing Assets/Nicklas/Sprites/Nicklas.png using Guid(5c6c98186d95fe04897f22a5b8814dee) Importer(815301076,1909f56bfc062723c751e8b465ee728b)  -> (artifact id: '25aa506508aafdff669d3ece523fc40c') in 0.031248 seconds 
========================================================================
Received Import Request.
  Time since last request: 0.000026 seconds.
  path: Assets/Nicklas/Sprites/Hello_Wall_CleaningScrub.asset
  artifactKey: Guid(340c7b8f8eb6dff4e95e98a01a49c734) Importer(815301076,1909f56bfc062723c751e8b465ee728b)
Start importing Assets/Nicklas/Sprites/Hello_Wall_CleaningScrub.asset using Guid(340c7b8f8eb6dff4e95e98a01a49c734) Importer(815301076,1909f56bfc062723c751e8b465ee728b)  -> (artifact id: 'f27e61ec26391c084aa01f2a52a5ef17') in 0.025747 seconds 
========================================================================
Received Import Request.
  Time since last request: 0.000040 seconds.
  path: Assets/Nicklas/Sprites/Hello_Doors.png
  artifactKey: Guid(09692af3e628d3c4790e9c5e3197880f) Importer(815301076,1909f56bfc062723c751e8b465ee728b)
Start importing Assets/Nicklas/Sprites/Hello_Doors.png using Guid(09692af3e628d3c4790e9c5e3197880f) Importer(815301076,1909f56bfc062723c751e8b465ee728b)  -> (artifact id: '6d92d32cab45f6a11e5c8992d156bfd1') in 0.033527 seconds 
========================================================================
Received Import Request.
  Time since last request: 0.000042 seconds.
  path: Assets/Nicklas/Sprites/Key(PH).png
  artifactKey: Guid(adf19fa64e1909e41be3d770b82baa31) Importer(815301076,1909f56bfc062723c751e8b465ee728b)
Start importing Assets/Nicklas/Sprites/Key(PH).png using Guid(adf19fa64e1909e41be3d770b82baa31) Importer(815301076,1909f56bfc062723c751e8b465ee728b)  -> (artifact id: '48965e8959872a48e134f6ae6742c9d6') in 0.027036 seconds 
========================================================================
Received Import Request.
  Time since last request: 5685.710613 seconds.
  path: Assets/Nicklas/Sprites/Hello_Doors2.png
  artifactKey: Guid(603ca7b54d0b1ca44b8ebee53cf03ac1) Importer(815301076,1909f56bfc062723c751e8b465ee728b)
Start importing Assets/Nicklas/Sprites/Hello_Doors2.png using Guid(603ca7b54d0b1ca44b8ebee53cf03ac1) Importer(815301076,1909f56bfc062723c751e8b465ee728b)  -> (artifact id: '69dea81b0bc275d9c351b830165303b5') in 0.327854 seconds 
========================================================================
Received Import Request.
  Time since last request: 14.171588 seconds.
  path: Assets/Nicklas/Sprites/Hello_Doors2.png
  artifactKey: Guid(603ca7b54d0b1ca44b8ebee53cf03ac1) Importer(815301076,1909f56bfc062723c751e8b465ee728b)
Start importing Assets/Nicklas/Sprites/Hello_Doors2.png using Guid(603ca7b54d0b1ca44b8ebee53cf03ac1) Importer(815301076,1909f56bfc062723c751e8b465ee728b)  -> (artifact id: 'fd0425c5a4d195e7994c9cf4e9ff0d31') in 0.015017 seconds 
========================================================================
Received Import Request.
  Time since last request: 8.409063 seconds.
  path: Assets/Nicklas/Sprites/Hello_Doors2.png
  artifactKey: Guid(603ca7b54d0b1ca44b8ebee53cf03ac1) Importer(815301076,1909f56bfc062723c751e8b465ee728b)
Start importing Assets/Nicklas/Sprites/Hello_Doors2.png using Guid(603ca7b54d0b1ca44b8ebee53cf03ac1) Importer(815301076,1909f56bfc062723c751e8b465ee728b)  -> (artifact id: 'feaf4fbf885d88ac2eef12cb34319493') in 0.043161 seconds 
========================================================================
Received Import Request.
  Time since last request: 147.462307 seconds.
  path: Assets/Prefabs/Door.prefab
  artifactKey: Guid(64b25519799898048a902eb010511ef9) Importer(815301076,1909f56bfc062723c751e8b465ee728b)
Start importing Assets/Prefabs/Door.prefab using Guid(64b25519799898048a902eb010511ef9) Importer(815301076,1909f56bfc062723c751e8b465ee728b)  -> (artifact id: '20ad71398473f89b3d29670b85506c8e') in 1.453611 seconds 
========================================================================
Received Import Request.
  Time since last request: 0.000059 seconds.
  path: Assets/Prefabs/UI_KeyHolder.prefab
  artifactKey: Guid(dcba00643bdd4d6478797b90d53b59ac) Importer(815301076,1909f56bfc062723c751e8b465ee728b)
Start importing Assets/Prefabs/UI_KeyHolder.prefab using Guid(dcba00643bdd4d6478797b90d53b59ac) Importer(815301076,1909f56bfc062723c751e8b465ee728b)  -> (artifact id: 'eb3e5e3ddbb5e31bf5c7843b81b12acd') in 0.034830 seconds 
========================================================================
Received Import Request.
  Time since last request: 0.000041 seconds.
  path: Assets/Prefabs/StaminaBar.prefab
  artifactKey: Guid(1392f38543b2c144789820cd7e88c6cf) Importer(815301076,1909f56bfc062723c751e8b465ee728b)
Start importing Assets/Prefabs/StaminaBar.prefab using Guid(1392f38543b2c144789820cd7e88c6cf) Importer(815301076,1909f56bfc062723c751e8b465ee728b)  -> (artifact id: 'cf2b8b49d71fa80a108dc9ac0e4e15ab') in 0.030483 seconds 
Editor requested this worker to shutdown with reason: Scaling down because of idle timeout
AssetImportWorker is now disconnected from the server
Process exiting
Exiting without the bug reporter. Application will terminate with return code 0